# JRE version: Java(TM) SE Runtime Environment (8.0_51-b16) (build 1.8.0_51-b16)
# Java VM: Java HotSpot(TM) 64-Bit Server VM (25.51-b03 mixed mode windows-amd64 compressed oops)
Heap:
 PSYoungGen      total 304640K, used 45192K [0x00000000eab00000, 0x0000000100000000, 0x0000000100000000)
  eden space 286208K, 11% used [0x00000000eab00000,0x00000000ecb25a68,0x00000000fc280000)
  from space 18432K, 66% used [0x00000000fd500000,0x00000000fe0fc658,0x00000000fe700000)
  to   space 18944K, 0% used [0x00000000fc280000,0x00000000fc280000,0x00000000fd500000)
 ParOldGen       total 75264K, used 51646K [0x00000000c0000000, 0x00000000c4980000, 0x00000000eab00000)
  object space 75264K, 68% used [0x00000000c0000000,0x00000000c326f998,0x00000000c4980000)
 Metaspace       used 57698K, capacity 60620K, committed 61568K, reserved 1101824K
  class space    used 7797K, capacity 8860K, committed 9088K, reserved 1048576K
GC Heap History (10 events):
Event: 210931.321 GC heap before
{Heap before GC invocations=19 (full 4):
 PSYoungGen      total 245248K, used 227840K [0x00000000eab00000, 0x00000000fac80000, 0x0000000100000000)
  eden space 227840K, 100% used [0x00000000eab00000,0x00000000f8980000,0x00000000f8980000)
  from space 17408K, 0% used [0x00000000f9b80000,0x00000000f9b80000,0x00000000fac80000)
  to   space 17920K, 0% used [0x00000000f8980000,0x00000000f8980000,0x00000000f9b00000)
 ParOldGen       total 75264K, used 54097K [0x00000000c0000000, 0x00000000c4980000, 0x00000000eab00000)
  object space 75264K, 71% used [0x00000000c0000000,0x00000000c34d47f0,0x00000000c4980000)
 Metaspace       used 51293K, capacity 53832K, committed 54144K, reserved 1095680K
  class space    used 7039K, capacity 8007K, committed 8064K, reserved 1048576K
Event: 210931.438 GC heap after
Heap after GC invocations=19 (full 4):
 PSYoungGen      total 245760K, used 2256K [0x00000000eab00000, 0x00000000fec00000, 0x0000000100000000)
  eden space 227840K, 0% used [0x00000000eab00000,0x00000000eab00000,0x00000000f8980000)
  from space 17920K, 12% used [0x00000000f8980000,0x00000000f8bb4030,0x00000000f9b00000)
  to   space 17920K, 0% used [0x00000000fda80000,0x00000000fda80000,0x00000000fec00000)
 ParOldGen       total 75264K, used 54097K [0x00000000c0000000, 0x00000000c4980000, 0x00000000eab00000)
  object space 75264K, 71% used [0x00000000c0000000,0x00000000c34d47f0,0x00000000c4980000)
 Metaspace       used 51293K, capacity 53832K, committed 54144K, reserved 1095680K
  class space    used 7039K, capacity 8007K, committed 8064K, reserved 1048576K
}
Event: 210939.465 GC heap before
{Heap before GC invocations=20 (full 4):
 PSYoungGen      total 245760K, used 230096K [0x00000000eab00000, 0x00000000fec00000, 0x0000000100000000)
  eden space 227840K, 100% used [0x00000000eab00000,0x00000000f8980000,0x00000000f8980000)
  from space 17920K, 12% used [0x00000000f8980000,0x00000000f8bb4030,0x00000000f9b00000)
  to   space 17920K, 0% used [0x00000000fda80000,0x00000000fda80000,0x00000000fec00000)
 ParOldGen       total 75264K, used 54097K [0x00000000c0000000, 0x00000000c4980000, 0x00000000eab00000)
  object space 75264K, 71% used [0x00000000c0000000,0x00000000c34d47f0,0x00000000c4980000)
 Metaspace       used 51484K, capacity 54252K, committed 54528K, reserved 1095680K
  class space    used 7053K, capacity 8075K, committed 8192K, reserved 1048576K
Event: 210939.499 GC heap after
Heap after GC invocations=20 (full 4):
 PSYoungGen      total 297472K, used 3600K [0x00000000eab00000, 0x00000000fe500000, 0x0000000100000000)
  eden space 286720K, 0% used [0x00000000eab00000,0x00000000eab00000,0x00000000fc300000)
  from space 10752K, 33% used [0x00000000fda80000,0x00000000fde04070,0x00000000fe500000)
  to   space 17408K, 0% used [0x00000000fc300000,0x00000000fc300000,0x00000000fd400000)
 ParOldGen       total 75264K, used 54105K [0x00000000c0000000, 0x00000000c4980000, 0x00000000eab00000)
  object space 75264K, 71% used [0x00000000c0000000,0x00000000c34d67f0,0x00000000c4980000)
 Metaspace       used 51484K, capacity 54252K, committed 54528K, reserved 1095680K
  class space    used 7053K, capacity 8075K, committed 8192K, reserved 1048576K
}
Event: 210950.697 GC heap before
{Heap before GC invocations=21 (full 4):
 PSYoungGen      total 297472K, used 165710K [0x00000000eab00000, 0x00000000fe500000, 0x0000000100000000)
  eden space 286720K, 56% used [0x00000000eab00000,0x00000000f494f860,0x00000000fc300000)
  from space 10752K, 33% used [0x00000000fda80000,0x00000000fde04070,0x00000000fe500000)
  to   space 17408K, 0% used [0x00000000fc300000,0x00000000fc300000,0x00000000fd400000)
 ParOldGen       total 75264K, used 54105K [0x00000000c0000000, 0x00000000c4980000, 0x00000000eab00000)
  object space 75264K, 71% used [0x00000000c0000000,0x00000000c34d67f0,0x00000000c4980000)
 Metaspace       used 56131K, capacity 59262K, committed 59392K, reserved 1099776K
  class space    used 7703K, capacity 8870K, committed 8960K, reserved 1048576K
Event: 210950.762 GC heap after
Heap after GC invocations=21 (full 4):
 PSYoungGen      total 304128K, used 11663K [0x00000000eab00000, 0x00000000fe700000, 0x0000000100000000)
  eden space 286720K, 0% used [0x00000000eab00000,0x00000000eab00000,0x00000000fc300000)
  from space 17408K, 67% used [0x00000000fc300000,0x00000000fce63ee0,0x00000000fd400000)
  to   space 18432K, 0% used [0x00000000fd500000,0x00000000fd500000,0x00000000fe700000)
 ParOldGen       total 75264K, used 54113K [0x00000000c0000000, 0x00000000c4980000, 0x00000000eab00000)
  object space 75264K, 71% used [0x00000000c0000000,0x00000000c34d87f0,0x00000000c4980000)
 Metaspace       used 56131K, capacity 59262K, committed 59392K, reserved 1099776K
  class space    used 7703K, capacity 8870K, committed 8960K, reserved 1048576K
}
Event: 210950.763 GC heap before
{Heap before GC invocations=22 (full 5):
 PSYoungGen      total 304128K, used 11663K [0x00000000eab00000, 0x00000000fe700000, 0x0000000100000000)
  eden space 286720K, 0% used [0x00000000eab00000,0x00000000eab00000,0x00000000fc300000)
  from space 17408K, 67% used [0x00000000fc300000,0x00000000fce63ee0,0x00000000fd400000)
  to   space 18432K, 0% used [0x00000000fd500000,0x00000000fd500000,0x00000000fe700000)
 ParOldGen       total 75264K, used 54113K [0x00000000c0000000, 0x00000000c4980000, 0x00000000eab00000)
  object space 75264K, 71% used [0x00000000c0000000,0x00000000c34d87f0,0x00000000c4980000)
 Metaspace       used 56131K, capacity 59262K, committed 59392K, reserved 1099776K
  class space    used 7703K, capacity 8870K, committed 8960K, reserved 1048576K
Event: 210952.643 GC heap after
Heap after GC invocations=22 (full 5):
 PSYoungGen      total 304128K, used 0K [0x00000000eab00000, 0x00000000fe700000, 0x0000000100000000)
  eden space 286720K, 0% used [0x00000000eab00000,0x00000000eab00000,0x00000000fc300000)
  from space 17408K, 0% used [0x00000000fc300000,0x00000000fc300000,0x00000000fd400000)
  to   space 18432K, 0% used [0x00000000fd500000,0x00000000fd500000,0x00000000fe700000)
 ParOldGen       total 75264K, used 51638K [0x00000000c0000000, 0x00000000c4980000, 0x00000000eab00000)
  object space 75264K, 68% used [0x00000000c0000000,0x00000000c326d998,0x00000000c4980000)
 Metaspace       used 54690K, capacity 56674K, committed 59392K, reserved 1099776K
  class space    used 7335K, capacity 8079K, committed 8960K, reserved 1048576K
}
Event: 211204.072 GC heap before
{Heap before GC invocations=23 (full 5):
 PSYoungGen      total 304128K, used 286720K [0x00000000eab00000, 0x00000000fe700000, 0x0000000100000000)
  eden space 286720K, 100% used [0x00000000eab00000,0x00000000fc300000,0x00000000fc300000)
  from space 17408K, 0% used [0x00000000fc300000,0x00000000fc300000,0x00000000fd400000)
  to   space 18432K, 0% used [0x00000000fd500000,0x00000000fd500000,0x00000000fe700000)
 ParOldGen       total 75264K, used 51638K [0x00000000c0000000, 0x00000000c4980000, 0x00000000eab00000)
  object space 75264K, 68% used [0x00000000c0000000,0x00000000c326d998,0x00000000c4980000)
 Metaspace       used 57104K, capacity 59892K, committed 60928K, reserved 1101824K
  class space    used 7668K, capacity 8666K, committed 8960K, reserved 1048576K
Event: 211204.212 GC heap after
Heap after GC invocations=23 (full 5):
 PSYoungGen      total 304640K, used 12273K [0x00000000eab00000, 0x0000000100000000, 0x0000000100000000)
  eden space 286208K, 0% used [0x00000000eab00000,0x00000000eab00000,0x00000000fc280000)
  from space 18432K, 66% used [0x00000000fd500000,0x00000000fe0fc658,0x00000000fe700000)
  to   space 18944K, 0% used [0x00000000fc280000,0x00000000fc280000,0x00000000fd500000)
 ParOldGen       total 75264K, used 51646K [0x00000000c0000000, 0x00000000c4980000, 0x00000000eab00000)
  object space 75264K, 68% used [0x00000000c0000000,0x00000000c326f998,0x00000000c4980000)
 Metaspace       used 57104K, capacity 59892K, committed 60928K, reserved 1101824K
  class space    used 7668K, capacity 8666K, committed 8960K, reserved 1048576K
}

